Determining if the pthread_create exist failed with the following output:
Change Dir: /home/taita/catkin_ws/build/CMakeFiles/CMakeTmp

Run Build Command:"/usr/bin/make" "cmTC_03e94/fast"
/usr/bin/make -f CMakeFiles/cmTC_03e94.dir/build.make CMakeFiles/cmTC_03e94.dir/build
make[1]: Entering directory '/home/taita/catkin_ws/build/CMakeFiles/CMakeTmp'
Building C object CMakeFiles/cmTC_03e94.dir/CheckSymbolExists.c.o
/usr/bin/cc    -o CMakeFiles/cmTC_03e94.dir/CheckSymbolExists.c.o   -c /home/taita/catkin_ws/build/CMakeFiles/CMakeTmp/CheckSymbolExists.c
Linking C executable cmTC_03e94
/usr/local/bin/cmake -E cmake_link_script CMakeFiles/cmTC_03e94.dir/link.txt --verbose=1
/usr/bin/cc      -rdynamic CMakeFiles/cmTC_03e94.dir/CheckSymbolExists.c.o  -o cmTC_03e94 
CMakeFiles/cmTC_03e94.dir/CheckSymbolExists.c.o: 於函式 main:
CheckSymbolExists.c:(.text+0x16): 未定義參考到「pthread_create」
collect2: error: ld returned 1 exit status
CMakeFiles/cmTC_03e94.dir/build.make:86: recipe for target 'cmTC_03e94' failed
make[1]: *** [cmTC_03e94] Error 1
make[1]: Leaving directory '/home/taita/catkin_ws/build/CMakeFiles/CMakeTmp'
Makefile:121: recipe for target 'cmTC_03e94/fast' failed
make: *** [cmTC_03e94/fast] Error 2

File /home/taita/catkin_ws/build/CMakeFiles/CMakeTmp/CheckSymbolExists.c:
/* */
#include <pthread.h>

int main(int argc, char** argv)
{
  (void)argv;
#ifndef pthread_create
  return ((int*)(&pthread_create))[argc];
#else
  (void)argc;
  return 0;
#endif
}

Determining if the function pthread_create exists in the pthreads failed with the following output:
Change Dir: /home/taita/catkin_ws/build/CMakeFiles/CMakeTmp

Run Build Command:"/usr/bin/make" "cmTC_6944f/fast"
/usr/bin/make -f CMakeFiles/cmTC_6944f.dir/build.make CMakeFiles/cmTC_6944f.dir/build
make[1]: Entering directory '/home/taita/catkin_ws/build/CMakeFiles/CMakeTmp'
Building C object CMakeFiles/cmTC_6944f.dir/CheckFunctionExists.c.o
/usr/bin/cc   -DCHECK_FUNCTION_EXISTS=pthread_create   -o CMakeFiles/cmTC_6944f.dir/CheckFunctionExists.c.o   -c /usr/local/share/cmake-3.12/Modules/CheckFunctionExists.c
Linking C executable cmTC_6944f
/usr/local/bin/cmake -E cmake_link_script CMakeFiles/cmTC_6944f.dir/link.txt --verbose=1
/usr/bin/cc  -DCHECK_FUNCTION_EXISTS=pthread_create    -rdynamic CMakeFiles/cmTC_6944f.dir/CheckFunctionExists.c.o  -o cmTC_6944f -lpthreads 
/usr/bin/ld: 找不到 -lpthreads
collect2: error: ld returned 1 exit status
CMakeFiles/cmTC_6944f.dir/build.make:86: recipe for target 'cmTC_6944f' failed
make[1]: *** [cmTC_6944f] Error 1
make[1]: Leaving directory '/home/taita/catkin_ws/build/CMakeFiles/CMakeTmp'
Makefile:121: recipe for target 'cmTC_6944f/fast' failed
make: *** [cmTC_6944f/fast] Error 2


