no angular:
predict position:
[['0.701865', '2.41126'], ['0.706756', '1.77789'], ['-1.18041', '0.00333811'], ['0.205161', '1.90511'], ['0.205183', '2.37615'], ['-1.66972', '-0.158505']]
error:
[0.014250864850948616, 0.13385669639207456, 0.12432187073806483, 0.006559699993139919, 0.0493627919084811, 0.03775290994082442]
0.061017472303922245

angular:
predict position see my_marker_file.txt
[error angular]
[[ 0.0142508649 -0.000279558 ]
 [ 0.0335326681 -0.000396324 ]
 [ 0.0285237602 -0.000472652 ]
 [ 0.0385604438 -0.000472584 ]
 [ 0.1338566964 -0.000472623 ]
 [ 0.1338566964 -0.000486445 ]
 [ 0.0686220539 -0.000467735 ]
 [ 0.1243218707  0.000709856 ]
 [ 0.1279816035  0.000709812 ]
 [ 0.1731725704  0.000766575 ]
 [ 0.1560837544 -0.000203861 ]
 [ 0.0065597     0.0000025949]
 [ 0.0237941243  0.0000015801]
 [ 0.0175245656  0.000230968 ]
 [ 0.0222432633  0.000232434 ]
 [ 0.0288902307  0.000205041 ]
 [ 0.054307754   0.0000565509]
 [ 0.081020668  -0.0000004985]
 [ 0.081020668  -0.0000333594]
 [ 0.095089043  -0.000191606 ]
 [ 0.1302703431 -0.000235637 ]
 [ 0.0493627919 -0.000235542 ]
 [ 0.0135581964 -0.000237712 ]
 [ 0.0135581964 -0.000237712 ]
 [ 0.0377529099  0.000252437 ]
 [ 0.0654437603  0.000259801 ]
 [ 0.062082269   0.000259801 ]
 [ 0.062082269   0.000338707 ]]
revise
[[ 0.0142508649 -0.000279558 ]
 [ 0.0335326681 -0.000396324 ]
 [ 0.0285237602 -0.000472652 ]
 [ 0.0385604438 -0.000472584 ]
 [ 0.1338566964 -0.000472623 ]
 [ 0.1338566964 -0.000486445 ]
 [ 0.0686220539 -0.000467735 ]
 [ 0.1243218707  0.000709856 ]
 [ 0.1279816035  0.000709812 ]
 [ 0.1731725704  0.000766575 ]
 [ 0.1560837544 -0.000203861 ]
 [ 0.0696565502 -0.000165425 ]
 [ 0.0065597     0.0000025949]
 [ 0.0237941243  0.0000015801]
 [ 0.0175245656  0.000230968 ]
 [ 0.0222432633  0.000232434 ]
 [ 0.0288902307  0.000205041 ]
 [ 0.054307754   0.0000565509]
 [ 0.081020668  -0.0000004985]
 [ 0.081020668  -0.0000333594]
 [ 0.095089043  -0.000191606 ]
 [ 0.1302703431 -0.000235637 ]
 [ 0.0493627919 -0.000235542 ]
 [ 0.0135581964 -0.000237712 ]
 [ 0.0135581964 -0.000237712 ]
 [ 0.0377529099  0.000252437 ]
 [ 0.0654437603  0.000259801 ]
 [ 0.062082269   0.000259801 ]
 [ 0.062082269   0.000338707 ]]

